#
# There is insufficient memory for the Java Runtime Environment to continue.
# Native memory allocation (malloc) failed to allocate 86507520 bytes for committing reserved memory.
# Possible reasons:
#   The system is out of physical RAM or swap space
#   In 32 bit mode, the process size limit was hit
# Possible solutions:
#   Reduce memory load on the system
#   Increase physical memory or swap space
#   Check if swap backing store is full
#   Use 64 bit Java on a 64 bit OS
#   Decrease Java heap size (-Xmx/-Xms)
#   Decrease number of Java threads
#   Decrease Java thread stack sizes (-Xss)
#   Set larger code cache with -XX:ReservedCodeCacheSize=
# This output file may be truncated or incomplete.
#
#  Out of Memory Error (os_linux.cpp:2827), pid=29344, tid=139721917495040
#
# JRE version:  (7.0_111-b01) (build )
# Java VM: OpenJDK 64-Bit Server VM (24.111-b01 mixed mode linux-amd64 compressed oops)
# Derivative: IcedTea 2.6.7
# Distribution: Ubuntu 14.04 LTS, package 7u111-2.6.7-0ubuntu0.14.04.3
# Failed to write core dump. Core dumps have been disabled. To enable core dumping, try "ulimit -c unlimited" before starting Java again
#

---------------  T H R E A D  ---------------

Current thread (0x00007f138400a800):  JavaThread "Unknown thread" [_thread_in_vm, id=29348, stack(0x00007f138b327000,0x00007f138b428000)]

Stack: [0x00007f138b327000,0x00007f138b428000],  sp=0x00007f138b426530,  free space=1021k
Native frames: (J=compiled Java code, j=interpreted, Vv=VM code, C=native code)
V  [libjvm.so+0x95a595]
V  [libjvm.so+0x494b84]
V  [libjvm.so+0x7d3a5b]
V  [libjvm.so+0x7ce41f]
V  [libjvm.so+0x84371b]
V  [libjvm.so+0x8336de]
V  [libjvm.so+0x2a81af]
V  [libjvm.so+0x7f53d9]
V  [libjvm.so+0x92b267]
V  [libjvm.so+0x92b5a3]
V  [libjvm.so+0x5a8185]
V  [libjvm.so+0x9110af]
V  [libjvm.so+0x613c54]  JNI_CreateJavaVM+0x54
C  [libjli.so+0x2b48]


---------------  P R O C E S S  ---------------

Java Threads: ( => current thread )

Other Threads:

=>0x00007f138400a800 (exited) JavaThread "Unknown thread" [_thread_in_vm, id=29348, stack(0x00007f138b327000,0x00007f138b428000)]

VM state:not at safepoint (not fully initialized)

VM Mutex/Monitor currently owned by a thread: None

GC Heap History (0 events):
No events

Deoptimization events (0 events):
No events

Internal exceptions (0 events):
No events

Events (0 events):
No events


Dynamic libraries:
00400000-00401000 r-xp 00000000 08:05 2896422                            /usr/lib/jvm/java-7-openjdk-amd64/jre/bin/java
00600000-00601000 r--p 00000000 08:05 2896422                            /usr/lib/jvm/java-7-openjdk-amd64/jre/bin/java
00601000-00602000 rw-p 00001000 08:05 2896422                            /usr/lib/jvm/java-7-openjdk-amd64/jre/bin/java
020cb000-020ec000 rw-p 00000000 00:00 0                                  [heap]
779a00000-784000000 rw-p 00000000 00:00 0 
789280000-7d6a80000 rw-p 00000000 00:00 0 
7d6a80000-7d9400000 rw-p 00000000 00:00 0 
7d9400000-800000000 rw-p 00000000 00:00 0 
7f13809c3000-7f1380cab000 rw-p 00000000 00:00 0 
7f1380cab000-7f1380cc0000 rw-p 00000000 00:00 0 
7f1380cc0000-7f1380df6000 rw-p 00000000 00:00 0 
7f1380df6000-7f1380df7000 rw-p 00000000 00:00 0 
7f1380df7000-7f1381067000 rwxp 00000000 00:00 0 
7f1381067000-7f1383df7000 rw-p 00000000 00:00 0 
7f1383df7000-7f1383dff000 r-xp 00000000 08:05 2900124                    /usr/lib/jvm/java-7-openjdk-amd64/jre/lib/amd64/libzip.so
7f1383dff000-7f1383ffe000 ---p 00008000 08:05 2900124                    /usr/lib/jvm/java-7-openjdk-amd64/jre/lib/amd64/libzip.so
7f1383ffe000-7f1383fff000 r--p 00007000 08:05 2900124                    /usr/lib/jvm/java-7-openjdk-amd64/jre/lib/amd64/libzip.so
7f1383fff000-7f1384000000 rw-p 00008000 08:05 2900124                    /usr/lib/jvm/java-7-openjdk-amd64/jre/lib/amd64/libzip.so
7f1384000000-7f1384023000 rw-p 00000000 00:00 0 
7f1384023000-7f1388000000 ---p 00000000 00:00 0 
7f1388162000-7f138816c000 r-xp 00000000 08:05 3801406                    /lib/x86_64-linux-gnu/libnss_files-2.19.so
7f138816c000-7f138836b000 ---p 0000a000 08:05 3801406                    /lib/x86_64-linux-gnu/libnss_files-2.19.so
7f138836b000-7f138836c000 r--p 00009000 08:05 3801406                    /lib/x86_64-linux-gnu/libnss_files-2.19.so
7f138836c000-7f138836d000 rw-p 0000a000 08:05 3801406                    /lib/x86_64-linux-gnu/libnss_files-2.19.so
7f138836d000-7f1388378000 r-xp 00000000 08:05 3801398                    /lib/x86_64-linux-gnu/libnss_nis-2.19.so
7f1388378000-7f1388577000 ---p 0000b000 08:05 3801398                    /lib/x86_64-linux-gnu/libnss_nis-2.19.so
7f1388577000-7f1388578000 r--p 0000a000 08:05 3801398                    /lib/x86_64-linux-gnu/libnss_nis-2.19.so
7f1388578000-7f1388579000 rw-p 0000b000 08:05 3801398                    /lib/x86_64-linux-gnu/libnss_nis-2.19.so
7f1388579000-7f1388590000 r-xp 00000000 08:05 3801394                    /lib/x86_64-linux-gnu/libnsl-2.19.so
7f1388590000-7f138878f000 ---p 00017000 08:05 3801394                    /lib/x86_64-linux-gnu/libnsl-2.19.so
7f138878f000-7f1388790000 r--p 00016000 08:05 3801394                    /lib/x86_64-linux-gnu/libnsl-2.19.so
7f1388790000-7f1388791000 rw-p 00017000 08:05 3801394                    /lib/x86_64-linux-gnu/libnsl-2.19.so
7f1388791000-7f1388793000 rw-p 00000000 00:00 0 
7f1388793000-7f138879c000 r-xp 00000000 08:05 3801265                    /lib/x86_64-linux-gnu/libnss_compat-2.19.so
7f138879c000-7f138899b000 ---p 00009000 08:05 3801265                    /lib/x86_64-linux-gnu/libnss_compat-2.19.so
7f138899b000-7f138899c000 r--p 00008000 08:05 3801265                    /lib/x86_64-linux-gnu/libnss_compat-2.19.so
7f138899c000-7f138899d000 rw-p 00009000 08:05 3801265                    /lib/x86_64-linux-gnu/libnss_compat-2.19.so
7f138899d000-7f13889c8000 r-xp 00000000 08:05 2899760                    /usr/lib/jvm/java-7-openjdk-amd64/jre/lib/amd64/libjava.so
7f13889c8000-7f1388bc8000 ---p 0002b000 08:05 2899760                    /usr/lib/jvm/java-7-openjdk-amd64/jre/lib/amd64/libjava.so
7f1388bc8000-7f1388bc9000 r--p 0002b000 08:05 2899760                    /usr/lib/jvm/java-7-openjdk-amd64/jre/lib/amd64/libjava.so
7f1388bc9000-7f1388bcb000 rw-p 0002c000 08:05 2899760                    /usr/lib/jvm/java-7-openjdk-amd64/jre/lib/amd64/libjava.so
7f1388bcb000-7f1388bdb000 r-xp 00000000 08:05 2899749                    /usr/lib/jvm/java-7-openjdk-amd64/jre/lib/amd64/libverify.so
7f1388bdb000-7f1388dda000 ---p 00010000 08:05 2899749                    /usr/lib/jvm/java-7-openjdk-amd64/jre/lib/amd64/libverify.so
7f1388dda000-7f1388ddc000 r--p 0000f000 08:05 2899749                    /usr/lib/jvm/java-7-openjdk-amd64/jre/lib/amd64/libverify.so
7f1388ddc000-7f1388ddd000 rw-p 00011000 08:05 2899749                    /usr/lib/jvm/java-7-openjdk-amd64/jre/lib/amd64/libverify.so
7f1388ddd000-7f1388de4000 r-xp 00000000 08:05 3801402                    /lib/x86_64-linux-gnu/librt-2.19.so
7f1388de4000-7f1388fe3000 ---p 00007000 08:05 3801402                    /lib/x86_64-linux-gnu/librt-2.19.so
7f1388fe3000-7f1388fe4000 r--p 00006000 08:05 3801402                    /lib/x86_64-linux-gnu/librt-2.19.so
7f1388fe4000-7f1388fe5000 rw-p 00007000 08:05 3801402                    /lib/x86_64-linux-gnu/librt-2.19.so
7f1388fe5000-7f1388ffb000 r-xp 00000000 08:05 3805320                    /lib/x86_64-linux-gnu/libgcc_s.so.1
7f1388ffb000-7f13891fa000 ---p 00016000 08:05 3805320                    /lib/x86_64-linux-gnu/libgcc_s.so.1
7f13891fa000-7f13891fb000 rw-p 00015000 08:05 3805320                    /lib/x86_64-linux-gnu/libgcc_s.so.1
7f13891fb000-7f1389300000 r-xp 00000000 08:05 3801260                    /lib/x86_64-linux-gnu/libm-2.19.so
7f1389300000-7f13894ff000 ---p 00105000 08:05 3801260                    /lib/x86_64-linux-gnu/libm-2.19.so
7f13894ff000-7f1389500000 r--p 00104000 08:05 3801260                    /lib/x86_64-linux-gnu/libm-2.19.so
7f1389500000-7f1389501000 rw-p 00105000 08:05 3801260                    /lib/x86_64-linux-gnu/libm-2.19.so
7f1389501000-7f13895e7000 r-xp 00000000 08:05 395058                     /usr/lib/x86_64-linux-gnu/libstdc++.so.6.0.19
7f13895e7000-7f13897e6000 ---p 000e6000 08:05 395058                     /usr/lib/x86_64-linux-gnu/libstdc++.so.6.0.19
7f13897e6000-7f13897ee000 r--p 000e5000 08:05 395058                     /usr/lib/x86_64-linux-gnu/libstdc++.so.6.0.19
7f13897ee000-7f13897f0000 rw-p 000ed000 08:05 395058                     /usr/lib/x86_64-linux-gnu/libstdc++.so.6.0.19
7f13897f0000-7f1389805000 rw-p 00000000 00:00 0 
7f1389805000-7f138a330000 r-xp 00000000 08:05 2899768                    /usr/lib/jvm/java-7-openjdk-amd64/jre/lib/amd64/server/libjvm.so
7f138a330000-7f138a530000 ---p 00b2b000 08:05 2899768                    /usr/lib/jvm/java-7-openjdk-amd64/jre/lib/amd64/server/libjvm.so
7f138a530000-7f138a5ca000 r--p 00b2b000 08:05 2899768                    /usr/lib/jvm/java-7-openjdk-amd64/jre/lib/amd64/server/libjvm.so
7f138a5ca000-7f138a5ed000 rw-p 00bc5000 08:05 2899768                    /usr/lib/jvm/java-7-openjdk-amd64/jre/lib/amd64/server/libjvm.so
7f138a5ed000-7f138a61c000 rw-p 00000000 00:00 0 
7f138a61c000-7f138a634000 r-xp 00000000 08:05 3805505                    /lib/x86_64-linux-gnu/libz.so.1.2.8
7f138a634000-7f138a833000 ---p 00018000 08:05 3805505                    /lib/x86_64-linux-gnu/libz.so.1.2.8
7f138a833000-7f138a834000 r--p 00017000 08:05 3805505                    /lib/x86_64-linux-gnu/libz.so.1.2.8
7f138a834000-7f138a835000 rw-p 00018000 08:05 3805505                    /lib/x86_64-linux-gnu/libz.so.1.2.8
7f138a835000-7f138a84e000 r-xp 00000000 08:05 3801395                    /lib/x86_64-linux-gnu/libpthread-2.19.so
7f138a84e000-7f138aa4d000 ---p 00019000 08:05 3801395                    /lib/x86_64-linux-gnu/libpthread-2.19.so
7f138aa4d000-7f138aa4e000 r--p 00018000 08:05 3801395                    /lib/x86_64-linux-gnu/libpthread-2.19.so
7f138aa4e000-7f138aa4f000 rw-p 00019000 08:05 3801395                    /lib/x86_64-linux-gnu/libpthread-2.19.so
7f138aa4f000-7f138aa53000 rw-p 00000000 00:00 0 
7f138aa53000-7f138aa56000 r-xp 00000000 08:05 3801262                    /lib/x86_64-linux-gnu/libdl-2.19.so
7f138aa56000-7f138ac55000 ---p 00003000 08:05 3801262                    /lib/x86_64-linux-gnu/libdl-2.19.so
7f138ac55000-7f138ac56000 r--p 00002000 08:05 3801262                    /lib/x86_64-linux-gnu/libdl-2.19.so
7f138ac56000-7f138ac57000 rw-p 00003000 08:05 3801262                    /lib/x86_64-linux-gnu/libdl-2.19.so
7f138ac57000-7f138ae11000 r-xp 00000000 08:05 3801403                    /lib/x86_64-linux-gnu/libc-2.19.so
7f138ae11000-7f138b011000 ---p 001ba000 08:05 3801403                    /lib/x86_64-linux-gnu/libc-2.19.so
7f138b011000-7f138b015000 r--p 001ba000 08:05 3801403                    /lib/x86_64-linux-gnu/libc-2.19.so
7f138b015000-7f138b017000 rw-p 001be000 08:05 3801403                    /lib/x86_64-linux-gnu/libc-2.19.so
7f138b017000-7f138b01c000 rw-p 00000000 00:00 0 
7f138b01c000-7f138b029000 r-xp 00000000 08:05 2899774                    /usr/lib/jvm/java-7-openjdk-amd64/jre/lib/amd64/jli/libjli.so
7f138b029000-7f138b228000 ---p 0000d000 08:05 2899774                    /usr/lib/jvm/java-7-openjdk-amd64/jre/lib/amd64/jli/libjli.so
7f138b228000-7f138b229000 r--p 0000c000 08:05 2899774                    /usr/lib/jvm/java-7-openjdk-amd64/jre/lib/amd64/jli/libjli.so
7f138b229000-7f138b22a000 rw-p 0000d000 08:05 2899774                    /usr/lib/jvm/java-7-openjdk-amd64/jre/lib/amd64/jli/libjli.so
7f138b22a000-7f138b24d000 r-xp 00000000 08:05 3801396                    /lib/x86_64-linux-gnu/ld-2.19.so
7f138b267000-7f138b271000 rw-p 00000000 00:00 0 
7f138b271000-7f138b327000 rw-p 00000000 00:00 0 
7f138b327000-7f138b32a000 ---p 00000000 00:00 0 
7f138b32a000-7f138b42d000 rw-p 00000000 00:00 0 
7f138b43e000-7f138b440000 rw-p 00000000 00:00 0 
7f138b440000-7f138b448000 rw-s 00000000 08:05 535534                     /tmp/hsperfdata_tygtos/29344
7f138b448000-7f138b449000 rw-p 00000000 00:00 0 
7f138b449000-7f138b44a000 r--p 00000000 00:00 0 
7f138b44a000-7f138b44c000 rw-p 00000000 00:00 0 
7f138b44c000-7f138b44d000 r--p 00022000 08:05 3801396                    /lib/x86_64-linux-gnu/ld-2.19.so
7f138b44d000-7f138b44e000 rw-p 00023000 08:05 3801396                    /lib/x86_64-linux-gnu/ld-2.19.so
7f138b44e000-7f138b44f000 rw-p 00000000 00:00 0 
7ffc5a5fc000-7ffc5a61d000 rw-p 00000000 00:00 0                          [stack]
7ffc5a66e000-7ffc5a670000 r--p 00000000 00:00 0                          [vvar]
7ffc5a670000-7ffc5a672000 r-xp 00000000 00:00 0                          [vdso]
ffffffffff600000-ffffffffff601000 r-xp 00000000 00:00 0                  [vsyscall]

VM Arguments:
jvm_args: -Dsmartgit.logging=false -Djava.net.preferIPv4Stack=true 
java_command: com.syntevo.smartgit.transport.askpass.SgAskPasswordMain Password for 'https://OpenJDK 64-Bit Server VM warning: INFO: os::commit_memory(0x0000000784000000, 86507520, 0) failed; error='Cannot allocate memory' (errno=12)@github.com': 
Launcher Type: SUN_STANDARD

Environment Variables:
PATH=/usr/lib/git-core:/usr/bin:/usr/share/smartgit/lib:/usr/local/sbin:/usr/local/bin:/usr/sbin:/usr/bin:/sbin:/bin:/usr/games:/usr/local/games:/home/tygtos/.rvm/bin
LD_LIBRARY_PATH=:/usr/lib/gnome-private/lib
SHELL=/bin/bash
DISPLAY=:0

Signal Handlers:
SIGSEGV: [libjvm.so+0x95b080], sa_mask[0]=0x7ffbfeff, sa_flags=0x10000004
SIGBUS: [libjvm.so+0x95b080], sa_mask[0]=0x7ffbfeff, sa_flags=0x10000004
SIGFPE: [libjvm.so+0x7cf020], sa_mask[0]=0x7ffbfeff, sa_flags=0x10000004
SIGPIPE: [libjvm.so+0x7cf020], sa_mask[0]=0x7ffbfeff, sa_flags=0x10000004
SIGXFSZ: [libjvm.so+0x7cf020], sa_mask[0]=0x7ffbfeff, sa_flags=0x10000004
SIGILL: [libjvm.so+0x7cf020], sa_mask[0]=0x7ffbfeff, sa_flags=0x10000004
SIGUSR1: SIG_DFL, sa_mask[0]=0x00000000, sa_flags=0x00000000
SIGUSR2: [libjvm.so+0x7cf150], sa_mask[0]=0x00000004, sa_flags=0x10000004
SIGHUP: SIG_DFL, sa_mask[0]=0x00000000, sa_flags=0x00000000
SIGINT: SIG_DFL, sa_mask[0]=0x00000000, sa_flags=0x00000000
SIGTERM: SIG_DFL, sa_mask[0]=0x00000000, sa_flags=0x00000000
SIGQUIT: SIG_DFL, sa_mask[0]=0x00000000, sa_flags=0x00000000
SIGTRAP: SIG_DFL, sa_mask[0]=0x00000000, sa_flags=0x00000000


---------------  S Y S T E M  ---------------

OS:"elementary OS" 0.3.2 (freya)
uname:Linux 3.19.0-68-generic #76~14.04.1-Ubuntu SMP Fri Aug 12 11:46:25 UTC 2016 x86_64
libc:glibc 2.19 NPTL 2.19 
rlimit: STACK 8192k, CORE 0k, NPROC 31606, NOFILE 4096, AS infinity
load average:34.52 29.00 16.36

/proc/meminfo:
MemTotal:        8121940 kB
MemFree:          128948 kB
MemAvailable:      92448 kB
Buffers:             912 kB
Cached:          1203932 kB
SwapCached:            0 kB
Active:          6548060 kB
Inactive:        1133700 kB
Active(anon):    6531108 kB
Inactive(anon):  1107800 kB
Active(file):      16952 kB
Inactive(file):    25900 kB
Unevictable:         672 kB
Mlocked:             672 kB
SwapTotal:             0 kB
SwapFree:              0 kB
Dirty:               116 kB
Writeback:             0 kB
AnonPages:       6477688 kB
Mapped:           654104 kB
Shmem:           1161900 kB
Slab:             109976 kB
SReclaimable:      53072 kB
SUnreclaim:        56904 kB
KernelStack:       18016 kB
PageTables:        94304 kB
NFS_Unstable:          0 kB
Bounce:                0 kB
WritebackTmp:          0 kB
CommitLimit:     4060968 kB
Committed_AS:   18738244 kB
VmallocTotal:   34359738367 kB
VmallocUsed:      568436 kB
VmallocChunk:   34359163900 kB
HardwareCorrupted:     0 kB
AnonHugePages:   1622016 kB
CmaTotal:              0 kB
CmaFree:               0 kB
HugePages_Total:       0
HugePages_Free:        0
HugePages_Rsvd:        0
HugePages_Surp:        0
Hugepagesize:       2048 kB
DirectMap4k:      289024 kB
DirectMap2M:     8046592 kB


CPU:total 4 (2 cores per cpu, 2 threads per core) family 6 model 42 stepping 7, cmov, cx8, fxsr, mmx, sse, sse2, sse3, ssse3, sse4.1, sse4.2, popcnt, avx, aes, ht, tsc, tscinvbit

/proc/cpuinfo:
processor	: 0
vendor_id	: GenuineIntel
cpu family	: 6
model		: 42
model name	: Intel(R) Core(TM) i5-2410M CPU @ 2.30GHz
stepping	: 7
microcode	: 0x1a
cpu MHz		: 809.671
cache size	: 3072 KB
physical id	: 0
siblings	: 4
core id		: 0
cpu cores	: 2
apicid		: 0
initial apicid	: 0
fpu		: yes
fpu_exception	: yes
cpuid level	: 13
wp		: yes
flags		: fpu vme de pse tsc msr pae mce cx8 apic sep mtrr pge mca cmov pat pse36 clflush dts acpi mmx fxsr sse sse2 ss ht tm pbe syscall nx rdtscp lm constant_tsc arch_perfmon pebs bts rep_good nopl xtopology nonstop_tsc aperfmperf eagerfpu pni pclmulqdq dtes64 monitor ds_cpl vmx est tm2 ssse3 cx16 xtpr pdcm pcid sse4_1 sse4_2 x2apic popcnt tsc_deadline_timer aes xsave avx lahf_lm ida arat epb pln pts dtherm tpr_shadow vnmi flexpriority ept vpid xsaveopt
bugs		:
bogomips	: 4589.74
clflush size	: 64
cache_alignment	: 64
address sizes	: 36 bits physical, 48 bits virtual
power management:

processor	: 1
vendor_id	: GenuineIntel
cpu family	: 6
model		: 42
model name	: Intel(R) Core(TM) i5-2410M CPU @ 2.30GHz
stepping	: 7
microcode	: 0x1a
cpu MHz		: 799.968
cache size	: 3072 KB
physical id	: 0
siblings	: 4
core id		: 0
cpu cores	: 2
apicid		: 1
initial apicid	: 1
fpu		: yes
fpu_exception	: yes
cpuid level	: 13
wp		: yes
flags		: fpu vme de pse tsc msr pae mce cx8 apic sep mtrr pge mca cmov pat pse36 clflush dts acpi mmx fxsr sse sse2 ss ht tm pbe syscall nx rdtscp lm constant_tsc arch_perfmon pebs bts rep_good nopl xtopology nonstop_tsc aperfmperf eagerfpu pni pclmulqdq dtes64 monitor ds_cpl vmx est tm2 ssse3 cx16 xtpr pdcm pcid sse4_1 sse4_2 x2apic popcnt tsc_deadline_timer aes xsave avx lahf_lm ida arat epb pln pts dtherm tpr_shadow vnmi flexpriority ept vpid xsaveopt
bugs		:
bogomips	: 4589.74
clflush size	: 64
cache_alignment	: 64
address sizes	: 36 bits physical, 48 bits virtual
power management:

processor	: 2
vendor_id	: GenuineIntel
cpu family	: 6
model		: 42
model name	: Intel(R) Core(TM) i5-2410M CPU @ 2.30GHz
stepping	: 7
microcode	: 0x1a
cpu MHz		: 810.570
cache size	: 3072 KB
physical id	: 0
siblings	: 4
core id		: 1
cpu cores	: 2
apicid		: 2
initial apicid	: 2
fpu		: yes
fpu_exception	: yes
cpuid level	: 13
wp		: yes
flags		: fpu vme de pse tsc msr pae mce cx8 apic sep mtrr pge mca cmov pat pse36 clflush dts acpi mmx fxsr sse sse2 ss ht tm pbe syscall nx rdtscp lm constant_tsc arch_perfmon pebs bts rep_good nopl xtopology nonstop_tsc aperfmperf eagerfpu pni pclmulqdq dtes64 monitor ds_cpl vmx est tm2 ssse3 cx16 xtpr pdcm pcid sse4_1 sse4_2 x2apic popcnt tsc_deadline_timer aes xsave avx lahf_lm ida arat epb pln pts dtherm tpr_shadow vnmi flexpriority ept vpid xsaveopt
bugs		:
bogomips	: 4589.74
clflush size	: 64
cache_alignment	: 64
address sizes	: 36 bits physical, 48 bits virtual
power management:

processor	: 3
vendor_id	: GenuineIntel
cpu family	: 6
model		: 42
model name	: Intel(R) Core(TM) i5-2410M CPU @ 2.30GHz
stepping	: 7
microcode	: 0x1a
cpu MHz		: 799.968
cache size	: 3072 KB
physical id	: 0
siblings	: 4
core id		: 1
cpu cores	: 2
apicid		: 3
initial apicid	: 3
fpu		: yes
fpu_exception	: yes
cpuid level	: 13
wp		: yes
flags		: fpu vme de pse tsc msr pae mce cx8 apic sep mtrr pge mca cmov pat pse36 clflush dts acpi mmx fxsr sse sse2 ss ht tm pbe syscall nx rdtscp lm constant_tsc arch_perfmon pebs bts rep_good nopl xtopology nonstop_tsc aperfmperf eagerfpu pni pclmulqdq dtes64 monitor ds_cpl vmx est tm2 ssse3 cx16 xtpr pdcm pcid sse4_1 sse4_2 x2apic popcnt tsc_deadline_timer aes xsave avx lahf_lm ida arat epb pln pts dtherm tpr_shadow vnmi flexpriority ept vpid xsaveopt
bugs		:
bogomips	: 4589.74
clflush size	: 64
cache_alignment	: 64
address sizes	: 36 bits physical, 48 bits virtual
power management:



Memory: 4k page, physical 8121940k(127800k free), swap 0k(0k free)

vm_info: OpenJDK 64-Bit Server VM (24.111-b01) for linux-amd64 JRE (1.7.0_111-b01), built on Aug 12 2016 05:30:29 by "buildd" with gcc 4.8.4

time: Sun Dec  4 01:40:08 2016
elapsed time: 70 seconds

